<?xml version="1.0" encoding="UTF-8"?>
<testng-results ignored="0" total="1" passed="1" failed="0" skipped="0">
  <reporter-output>
  </reporter-output>
  <suite started-at="2020-01-13T11:16:48 IST" name="Default suite" finished-at="2020-01-13T11:18:02 IST" duration-ms="74720">
    <groups>
    </groups>
    <test started-at="2020-01-13T11:16:48 IST" name="Default test" finished-at="2020-01-13T11:18:02 IST" duration-ms="74720">
      <class name="com.testcases.BrokenLinks">
        <test-method is-config="true" signature="Setup()[pri:0, instance:com.testcases.BrokenLinks@5cc9d3d0]" started-at="2020-01-13T11:16:48 IST" name="Setup" finished-at="2020-01-13T11:16:54 IST" duration-ms="6360" status="PASS">
          <reporter-output>
          </reporter-output>
        </test-method> <!-- Setup -->
        <test-method signature="BrokenLinksTest()[pri:0, instance:com.testcases.BrokenLinks@5cc9d3d0]" started-at="2020-01-13T11:16:54 IST" name="BrokenLinksTest" finished-at="2020-01-13T11:18:02 IST" duration-ms="68127" status="PASS">
          <reporter-output>
          </reporter-output>
        </test-method> <!-- BrokenLinksTest -->
        <test-method is-config="true" signature="afterMethod()[pri:0, instance:com.testcases.BrokenLinks@5cc9d3d0]" started-at="2020-01-13T11:18:02 IST" name="afterMethod" finished-at="2020-01-13T11:18:02 IST" duration-ms="144" status="PASS">
          <reporter-output>
          </reporter-output>
        </test-method> <!-- afterMethod -->
      </class> <!-- com.testcases.BrokenLinks -->
    </test> <!-- Default test -->
  </suite> <!-- Default suite -->
</testng-results>
