<?xml version="1.0" encoding="UTF-8"?>
<testng-results ignored="0" total="5" passed="5" failed="0" skipped="0">
  <reporter-output>
    <line>
      <![CDATA[********** c_method  **]]>
    </line>
    <line>
      <![CDATA[********** b_method  **]]>
    </line>
  </reporter-output>
  <suite started-at="2020-01-13T20:14:02 IST" name="Default suite" finished-at="2020-01-13T20:14:09 IST" duration-ms="6941">
    <groups>
    </groups>
    <test started-at="2020-01-13T20:14:02 IST" name="Default test" finished-at="2020-01-13T20:14:09 IST" duration-ms="6941">
      <class name="com.testcases.TestNG_Priority_Annotations">
        <test-method is-config="true" signature="Setup()[pri:0, instance:com.testcases.TestNG_Priority_Annotations@6156496]" started-at="2020-01-13T20:14:02 IST" name="Setup" finished-at="2020-01-13T20:14:08 IST" duration-ms="6073" status="PASS">
          <reporter-output>
          </reporter-output>
        </test-method> <!-- Setup -->
        <test-method signature="e_method()[pri:0, instance:com.testcases.TestNG_Priority_Annotations@6156496]" started-at="2020-01-13T20:14:08 IST" name="e_method" finished-at="2020-01-13T20:14:08 IST" duration-ms="7" status="PASS">
          <reporter-output>
          </reporter-output>
        </test-method> <!-- e_method -->
        <test-method signature="a_method()[pri:1, instance:com.testcases.TestNG_Priority_Annotations@6156496]" started-at="2020-01-13T20:14:08 IST" name="a_method" finished-at="2020-01-13T20:14:08 IST" duration-ms="2" status="PASS">
          <reporter-output>
          </reporter-output>
        </test-method> <!-- a_method -->
        <test-method signature="d_method()[pri:3, instance:com.testcases.TestNG_Priority_Annotations@6156496]" started-at="2020-01-13T20:14:08 IST" name="d_method" finished-at="2020-01-13T20:14:08 IST" duration-ms="2" status="PASS">
          <reporter-output>
          </reporter-output>
        </test-method> <!-- d_method -->
        <test-method signature="c_method()[pri:6, instance:com.testcases.TestNG_Priority_Annotations@6156496]" started-at="2020-01-13T20:14:08 IST" name="c_method" finished-at="2020-01-13T20:14:08 IST" duration-ms="2" status="PASS">
          <reporter-output>
            <line>
              <![CDATA[********** c_method  **]]>
            </line>
          </reporter-output>
        </test-method> <!-- c_method -->
        <test-method signature="b_method()[pri:9, instance:com.testcases.TestNG_Priority_Annotations@6156496]" started-at="2020-01-13T20:14:08 IST" name="b_method" finished-at="2020-01-13T20:14:08 IST" duration-ms="1" status="PASS">
          <reporter-output>
            <line>
              <![CDATA[********** b_method  **]]>
            </line>
          </reporter-output>
        </test-method> <!-- b_method -->
        <test-method is-config="true" signature="afterMethod()[pri:0, instance:com.testcases.TestNG_Priority_Annotations@6156496]" started-at="2020-01-13T20:14:08 IST" name="afterMethod" finished-at="2020-01-13T20:14:09 IST" duration-ms="686" status="PASS">
          <reporter-output>
          </reporter-output>
        </test-method> <!-- afterMethod -->
      </class> <!-- com.testcases.TestNG_Priority_Annotations -->
    </test> <!-- Default test -->
  </suite> <!-- Default suite -->
</testng-results>
